2025-10-23 13:49:48,167 - INFO - シリアルポート COM9 に接続しました (ボーレート: 9600)
2025-10-23 13:49:48,168 - INFO - データ読み取りを開始します...
2025-10-23 13:50:01,119 - INFO - [2025-10-23 13:50:01] MP-00147
2025-10-23 13:50:15,173 - INFO - [2025-10-23 13:50:15] F4571268688980
2025-10-23 13:51:07,255 - INFO - [2025-10-23 13:51:07] Qhurihuri
2025-10-23 13:51:23,478 - INFO - ユーザーによって中断されました
2025-10-23 13:51:23,483 - INFO - シリアルポートを切断しました
2025-10-23 13:51:28,689 - INFO - シリアルポート COM9 に接続しました (ボーレート: 9600)
2025-10-23 14:28:25,900 - INFO - シリアルポートを切断しました
2025-10-23 15:20:13,781 - ERROR - シリアルポート接続エラー: could not open port 'COM9': FileNotFoundError(2, '指定されたファイルが見つかりません。', None, 2)
2025-10-23 15:20:50,293 - INFO - シリアルポート COM9 に接続しました (ボーレート: 9600)
2025-10-23 15:20:50,294 - INFO - データ読み取りを開始します...
2025-10-23 15:21:34,992 - INFO - [2025-10-23 15:21:34] Qhurihuri
2025-10-23 15:21:54,368 - INFO - [2025-10-23 15:21:54] Qhurihuri
2025-10-23 15:25:00,787 - INFO - ユーザーによって中断されました
2025-10-23 15:25:00,791 - INFO - シリアルポートを切断しました
2025-10-23 15:25:02,644 - INFO - シリアルポート COM9 に接続しました (ボーレート: 9600)
2025-10-23 15:25:02,645 - INFO - データ読み取りを開始します...
2025-10-23 15:25:29,382 - INFO - 会計.csvに記録しました: 2025-10-23 15:25:29
2025-10-23 15:25:29,383 - INFO - [2025-10-23 15:25:29] Qhurihuri
2025-10-23 16:17:46,717 - INFO - シリアルポート COM9 に接続しました (ボーレート: 9600)
2025-10-23 16:17:46,717 - INFO - データ読み取りを開始します...
2025-10-23 16:17:50,325 - INFO - ユーザーによって中断されました
2025-10-23 16:17:50,329 - INFO - シリアルポートを切断しました
2025-10-23 16:20:35,583 - INFO - シリアルポート COM9 に接続しました (ボーレート: 9600)
2025-10-23 16:20:35,584 - INFO - データ読み取りを開始します...
2025-10-23 16:21:41,733 - INFO - 会計.csvに記録しました: 2025-10-23 16:21:41
2025-10-23 16:21:41,733 - INFO - [2025-10-23 16:21:41] Qhurihuri
2025-10-23 20:11:51,766 - INFO - シリアルポート COM9 に接続しました (ボーレート: 9600)
2025-10-23 20:11:51,767 - INFO - データ読み取りを開始します...
2025-10-23 20:11:57,901 - INFO - [2025-10-23 20:11:57] Q050111#0082#PC25080600001#20250806
2025-10-23 20:12:01,016 - INFO - [2025-10-23 20:12:01] Q050111#0082#PC25080600001#20250806
2025-10-23 20:20:37,057 - INFO - ユーザーによって中断されました
2025-10-23 20:20:37,071 - INFO - シリアルポートを切断しました
2025-10-23 20:27:30,237 - INFO - シリアルポート COM9 に接続しました (ボーレート: 9600)
2025-10-23 20:27:30,238 - INFO - データ読み取りを開始します...
2025-10-23 20:27:56,555 - INFO - 会計.csvに記録しました: 2025-10-23 20:27:56
2025-10-23 20:27:56,556 - INFO - [2025-10-23 20:27:56] Qkarambit
2025-10-23 20:29:07,769 - INFO - 会計.csvに記録しました: 2025-10-23 20:29:07
2025-10-23 20:29:07,770 - INFO - [2025-10-23 20:29:07] Qkarambit
2025-10-23 20:34:04,662 - INFO - ユーザーによって中断されました
2025-10-23 20:34:04,670 - INFO - シリアルポートを切断しました
2025-10-23 20:44:44,434 - INFO - シリアルポート COM9 に接続しました (ボーレート: 9600)
2025-10-23 20:44:44,434 - INFO - データ読み取りを開始します...
2025-10-23 20:44:54,196 - INFO - ユーザーによって中断されました
2025-10-23 20:44:54,200 - INFO - シリアルポートを切断しました
2025-10-23 22:37:23,954 - ERROR - 実行エラー: module 'serial' has no attribute 'SerialException'
2025-10-23 22:38:21,311 - ERROR - シリアルポート接続エラー: could not open port 'COM9': FileNotFoundError(2, 'The system cannot find the file specified.', None, 2)
2025-10-23 22:40:23,067 - ERROR - シリアルポート接続エラー: could not open port 'COM9': FileNotFoundError(2, 'The system cannot find the file specified.', None, 2)
2025-10-23 22:40:26,765 - ERROR - シリアルポート接続エラー: could not open port 'COM9': FileNotFoundError(2, 'The system cannot find the file specified.', None, 2)
2025-10-23 22:40:40,663 - ERROR - シリアルポート接続エラー: could not open port 'COM9': FileNotFoundError(2, 'The system cannot find the file specified.', None, 2)
2025-10-23 22:41:03,724 - INFO - シリアルポート COM6 に接続しました (ボーレート: 9600)
2025-10-23 22:41:03,724 - INFO - データ読み取りを開始します...
2025-10-23 22:41:29,505 - INFO - 会計.csvに記録しました: 2025-10-23 22:41:29
2025-10-23 22:41:29,505 - INFO - [2025-10-23 22:41:29] Qkarambit
2025-10-23 22:41:43,889 - INFO - ユーザーによって中断されました
2025-10-23 22:41:43,889 - INFO - シリアルポートを切断しました
2025-10-23 22:46:25,274 - INFO - シリアルポート COM6 に接続しました (ボーレート: 9600)
2025-10-23 22:46:25,274 - INFO - データ読み取りを開始します...
2025-10-23 22:46:31,141 - INFO - ユーザーによって中断されました
2025-10-23 22:46:31,142 - INFO - シリアルポートを切断しました
2025-10-23 22:47:08,726 - INFO - シリアルポート COM6 に接続しました (ボーレート: 9600)
2025-10-23 22:48:33,884 - INFO - [2025-10-23 22:48:33] Qkarambit
2025-10-23 22:48:52,913 - INFO - シリアルポートを切断しました
2025-10-23 23:17:42,394 - INFO - シリアルポート COM6 に接続しました (ボーレート: 9600)
2025-10-23 23:17:42,394 - INFO - データ読み取りを開始します...
2025-10-23 23:17:46,699 - INFO - ユーザーによって中断されました
2025-10-23 23:17:46,699 - INFO - シリアルポートを切断しました
